[0.103s] DEBUG:colcon:Command line arguments: ['/usr/bin/colcon', 'list', '-p', '--base-paths', '/home/victor/MineMapper', '--log-base', '/dev/null']
[0.103s] DEBUG:colcon:Parsed command line arguments: Namespace(log_base=None, log_level=None, verb_name='list', build_base='build', ignore_user_meta=False, metas=['./colcon.meta'], base_paths=['/home/victor/MineMapper', '--log-base', '/dev/null'], packages_ignore=None, packages_ignore_regex=None, paths=None, packages_up_to=None, packages_up_to_regex=None, packages_above=None, packages_above_and_dependencies=None, packages_above_depth=None, packages_select_by_dep=None, packages_skip_by_dep=None, packages_skip_up_to=None, packages_select_build_failed=False, packages_skip_build_finished=False, packages_select_test_failures=False, packages_skip_test_passed=False, packages_select=None, packages_skip=None, packages_select_regex=None, packages_skip_regex=None, packages_start=None, packages_end=None, allow_overriding=[], topological_order=False, names_only=False, paths_only=True, topological_graph=False, topological_graph_dot=False, topological_graph_density=False, topological_graph_legend=False, topological_graph_dot_cluster=False, topological_graph_dot_include_skipped=False, mixin_files=None, mixin=None, verb_parser=<colcon_mixin.mixin.mixin_argument.MixinArgumentDecorator object at 0x7e6a0b0a2540>, verb_extension=<colcon_package_information.verb.list.ListVerb object at 0x7e6a0b0a16d0>, main=<bound method ListVerb.main of <colcon_package_information.verb.list.ListVerb object at 0x7e6a0b0a16d0>>, mixin_verb=('list',))
[0.146s] Level 1:colcon.colcon_core.package_discovery:discover_packages(colcon_meta) check parameters
[0.146s] Level 1:colcon.colcon_core.package_discovery:discover_packages(recursive) check parameters
[0.146s] Level 1:colcon.colcon_core.package_discovery:discover_packages(ignore) check parameters
[0.146s] Level 1:colcon.colcon_core.package_discovery:discover_packages(path) check parameters
[0.146s] Level 1:colcon.colcon_core.package_discovery:discover_packages(recursive) discover
[0.146s] INFO:colcon.colcon_core.package_discovery:Crawling recursively for packages in '/home/victor/MineMapper', '/home/victor/MineMapper/--log-base', '/dev/null'
[0.146s] Level 1:colcon.colcon_core.package_identification:_identify(/home/victor/MineMapper) by extensions ['ignore', 'ignore_ament_install']
[0.146s] Level 1:colcon.colcon_core.package_identification:_identify(/home/victor/MineMapper) by extension 'ignore'
[0.146s] Level 1:colcon.colcon_core.package_identification:_identify(/home/victor/MineMapper) by extension 'ignore_ament_install'
[0.146s] Level 1:colcon.colcon_core.package_identification:_identify(/home/victor/MineMapper) by extensions ['colcon_pkg']
[0.147s] Level 1:colcon.colcon_core.package_identification:_identify(/home/victor/MineMapper) by extension 'colcon_pkg'
[0.147s] Level 1:colcon.colcon_core.package_identification:_identify(/home/victor/MineMapper) by extensions ['colcon_meta']
[0.147s] Level 1:colcon.colcon_core.package_identification:_identify(/home/victor/MineMapper) by extension 'colcon_meta'
[0.147s] Level 1:colcon.colcon_core.package_identification:_identify(/home/victor/MineMapper) by extensions ['ros']
[0.147s] Level 1:colcon.colcon_core.package_identification:_identify(/home/victor/MineMapper) by extension 'ros'
[0.177s] Level 1:colcon.colcon_core.package_identification:_identify(/home/victor/MineMapper) by extensions ['cmake', 'python']
[0.177s] Level 1:colcon.colcon_core.package_identification:_identify(/home/victor/MineMapper) by extension 'cmake'
[0.178s] Level 1:colcon.colcon_core.package_identification:_identify(/home/victor/MineMapper) by extension 'python'
[0.178s] Level 1:colcon.colcon_core.package_identification:_identify(/home/victor/MineMapper) by extensions ['python_setup_py']
[0.178s] Level 1:colcon.colcon_core.package_identification:_identify(/home/victor/MineMapper) by extension 'python_setup_py'
[0.178s] Level 1:colcon.colcon_core.package_identification:_identify(/home/victor/MineMapper/build) by extensions ['ignore', 'ignore_ament_install']
[0.178s] Level 1:colcon.colcon_core.package_identification:_identify(/home/victor/MineMapper/build) by extension 'ignore'
[0.178s] Level 1:colcon.colcon_core.package_identification:_identify(/home/victor/MineMapper/build) ignored
[0.178s] Level 1:colcon.colcon_core.package_identification:_identify(/home/victor/MineMapper/install) by extensions ['ignore', 'ignore_ament_install']
[0.179s] Level 1:colcon.colcon_core.package_identification:_identify(/home/victor/MineMapper/install) by extension 'ignore'
[0.179s] Level 1:colcon.colcon_core.package_identification:_identify(/home/victor/MineMapper/install) ignored
[0.179s] Level 1:colcon.colcon_core.package_identification:_identify(/home/victor/MineMapper/log) by extensions ['ignore', 'ignore_ament_install']
[0.179s] Level 1:colcon.colcon_core.package_identification:_identify(/home/victor/MineMapper/log) by extension 'ignore'
[0.179s] Level 1:colcon.colcon_core.package_identification:_identify(/home/victor/MineMapper/log) ignored
[0.179s] Level 1:colcon.colcon_core.package_identification:_identify(/home/victor/MineMapper/src) by extensions ['ignore', 'ignore_ament_install']
[0.179s] Level 1:colcon.colcon_core.package_identification:_identify(/home/victor/MineMapper/src) by extension 'ignore'
[0.179s] Level 1:colcon.colcon_core.package_identification:_identify(/home/victor/MineMapper/src) by extension 'ignore_ament_install'
[0.179s] Level 1:colcon.colcon_core.package_identification:_identify(/home/victor/MineMapper/src) by extensions ['colcon_pkg']
[0.179s] Level 1:colcon.colcon_core.package_identification:_identify(/home/victor/MineMapper/src) by extension 'colcon_pkg'
[0.179s] Level 1:colcon.colcon_core.package_identification:_identify(/home/victor/MineMapper/src) by extensions ['colcon_meta']
[0.179s] Level 1:colcon.colcon_core.package_identification:_identify(/home/victor/MineMapper/src) by extension 'colcon_meta'
[0.179s] Level 1:colcon.colcon_core.package_identification:_identify(/home/victor/MineMapper/src) by extensions ['ros']
[0.179s] Level 1:colcon.colcon_core.package_identification:_identify(/home/victor/MineMapper/src) by extension 'ros'
[0.180s] Level 1:colcon.colcon_core.package_identification:_identify(/home/victor/MineMapper/src) by extensions ['cmake', 'python']
[0.180s] Level 1:colcon.colcon_core.package_identification:_identify(/home/victor/MineMapper/src) by extension 'cmake'
[0.180s] Level 1:colcon.colcon_core.package_identification:_identify(/home/victor/MineMapper/src) by extension 'python'
[0.180s] Level 1:colcon.colcon_core.package_identification:_identify(/home/victor/MineMapper/src) by extensions ['python_setup_py']
[0.180s] Level 1:colcon.colcon_core.package_identification:_identify(/home/victor/MineMapper/src) by extension 'python_setup_py'
[0.180s] Level 1:colcon.colcon_core.package_identification:_identify(/home/victor/MineMapper/src/MineMapper_bringup) by extensions ['ignore', 'ignore_ament_install']
[0.180s] Level 1:colcon.colcon_core.package_identification:_identify(/home/victor/MineMapper/src/MineMapper_bringup) by extension 'ignore'
[0.180s] Level 1:colcon.colcon_core.package_identification:_identify(/home/victor/MineMapper/src/MineMapper_bringup) by extension 'ignore_ament_install'
[0.180s] Level 1:colcon.colcon_core.package_identification:_identify(/home/victor/MineMapper/src/MineMapper_bringup) by extensions ['colcon_pkg']
[0.180s] Level 1:colcon.colcon_core.package_identification:_identify(/home/victor/MineMapper/src/MineMapper_bringup) by extension 'colcon_pkg'
[0.180s] Level 1:colcon.colcon_core.package_identification:_identify(/home/victor/MineMapper/src/MineMapper_bringup) by extensions ['colcon_meta']
[0.180s] Level 1:colcon.colcon_core.package_identification:_identify(/home/victor/MineMapper/src/MineMapper_bringup) by extension 'colcon_meta'
[0.180s] Level 1:colcon.colcon_core.package_identification:_identify(/home/victor/MineMapper/src/MineMapper_bringup) by extensions ['ros']
[0.180s] Level 1:colcon.colcon_core.package_identification:_identify(/home/victor/MineMapper/src/MineMapper_bringup) by extension 'ros'
[0.183s] DEBUG:colcon.colcon_core.package_identification:Package '/home/victor/MineMapper/src/MineMapper_bringup' with type 'ros.ament_cmake' and name 'MineMapper_bringup'
[0.183s] Level 1:colcon.colcon_core.package_discovery:discover_packages(recursive) using defaults
